<?xml version="1.0" encoding="UTF-8"?>
<!-- Generated by org.testng.reporters.JUnitXMLReporter -->
<testsuite hostname="WL361484" ignored="0" name="Command line test" tests="6" failures="0" timestamp="2020-07-03T15:58:11 IST" time="11.188" errors="0">
  <testcase name="@BeforeMethod init" time="5.548" classname="com.tieto.base.WebDriverWrapper">
    <failure type="java.io.FileNotFoundException" message="fileDeatil (The system cannot find the file specified)">
      <![CDATA[java.io.FileNotFoundException: fileDeatil (The system cannot find the file specified)
at java.io.FileInputStream.open0(Native Method)
at java.io.FileInputStream.open(FileInputStream.java:195)
at java.io.FileInputStream.<init>(FileInputStream.java:138)
at java.io.FileInputStream.<init>(FileInputStream.java:93)
at com.tieto.utilities.PropUtills.getValueFromKey(PropUtills.java:11)
at com.tieto.base.WebDriverWrapper.init(WebDriverWrapper.java:44)
at java.util.ArrayList.forEach(ArrayList.java:1249)
... Removed 42 stack frames]]>
    </failure>
  </testcase> <!-- @BeforeMethod init -->
  <testcase name="@AfterMethod end" time="-1.593772085925E9" classname="com.tieto.base.WebDriverWrapper">
    <skipped/>
  </testcase> <!-- @AfterMethod end -->
  <testcase name="@BeforeMethod init" time="5.148" classname="com.tieto.base.WebDriverWrapper">
    <failure type="java.io.FileNotFoundException" message="fileDeatil (The system cannot find the file specified)">
      <![CDATA[java.io.FileNotFoundException: fileDeatil (The system cannot find the file specified)
at java.io.FileInputStream.open0(Native Method)
at java.io.FileInputStream.open(FileInputStream.java:195)
at java.io.FileInputStream.<init>(FileInputStream.java:138)
at java.io.FileInputStream.<init>(FileInputStream.java:93)
at com.tieto.utilities.PropUtills.getValueFromKey(PropUtills.java:11)
at com.tieto.base.WebDriverWrapper.init(WebDriverWrapper.java:44)
at java.util.ArrayList.forEach(ArrayList.java:1249)
... Removed 42 stack frames]]>
    </failure>
  </testcase> <!-- @BeforeMethod init -->
  <testcase name="@AfterMethod end" time="-1.593772091527E9" classname="com.tieto.base.WebDriverWrapper">
    <skipped/>
  </testcase> <!-- @AfterMethod end -->
  <testcase name="@BeforeMethod init" time="-1.593772091538E9" classname="com.tieto.base.WebDriverWrapper">
    <skipped/>
  </testcase> <!-- @BeforeMethod init -->
  <testcase name="@AfterMethod end" time="-1.593772091538E9" classname="com.tieto.base.WebDriverWrapper">
    <skipped/>
  </testcase> <!-- @AfterMethod end -->
  <testcase name="@BeforeMethod init" time="-1.593772091538E9" classname="com.tieto.base.WebDriverWrapper">
    <skipped/>
  </testcase> <!-- @BeforeMethod init -->
  <testcase name="@AfterMethod end" time="-1.593772091539E9" classname="com.tieto.base.WebDriverWrapper">
    <skipped/>
  </testcase> <!-- @AfterMethod end -->
  <testcase name="createPatientTest" time="0.0" classname="com.tieto.test.AddPatientTest">
    <skipped/>
  </testcase> <!-- createPatientTest -->
  <testcase name="excelRead" time="0.451" classname="com.tieto.test.DemoTest"/>
  <testcase name="checkLinkCountTest" time="0.0" classname="com.tieto.test.LoginTest">
    <skipped/>
  </testcase> <!-- checkLinkCountTest -->
  <testcase name="validCredentialTest" time="0.0" classname="com.tieto.test.LoginTest">
    <skipped/>
  </testcase> <!-- validCredentialTest -->
  <testcase name="invalidCredentialTest" time="0.0" classname="com.tieto.test.LoginTest">
    <skipped/>
  </testcase> <!-- invalidCredentialTest -->
  <testcase name="invalidCredentialTest" time="0.0" classname="com.tieto.test.LoginTest">
    <skipped/>
  </testcase> <!-- invalidCredentialTest -->
</testsuite> <!-- Command line test -->
